<?xml version="1.0" encoding="UTF-8"?>
<testsuite xmlns:xsi="http://www.w3.org/2001/XMLSchema-instance" xsi:noNamespaceSchemaLocation="https://maven.apache.org/surefire/maven-surefire-plugin/xsd/surefire-test-report-3.0.xsd" version="3.0" name="api.test.UserTests" time="14.312" tests="4" errors="0" skipped="0" failures="0">
  <properties>
    <property name="java.specification.version" value="17"/>
    <property name="sun.cpu.isalist" value="amd64"/>
    <property name="sun.jnu.encoding" value="Cp1252"/>
    <property name="java.class.path" value="C:\eclipse-worksppace\PetStoreAutomation\target\test-classes;C:\eclipse-worksppace\PetStoreAutomation\target\classes;C:\Users\Mobile Programming.DESKTOP-SKPCD11\.m2\repository\io\rest-assured\rest-assured\5.3.1\rest-assured-5.3.1.jar;C:\Users\Mobile Programming.DESKTOP-SKPCD11\.m2\repository\org\apache\groovy\groovy\4.0.11\groovy-4.0.11.jar;C:\Users\Mobile Programming.DESKTOP-SKPCD11\.m2\repository\org\apache\groovy\groovy-xml\4.0.11\groovy-xml-4.0.11.jar;C:\Users\Mobile Programming.DESKTOP-SKPCD11\.m2\repository\org\apache\httpcomponents\httpclient\4.5.13\httpclient-4.5.13.jar;C:\Users\Mobile Programming.DESKTOP-SKPCD11\.m2\repository\org\apache\httpcomponents\httpcore\4.4.13\httpcore-4.4.13.jar;C:\Users\Mobile Programming.DESKTOP-SKPCD11\.m2\repository\commons-logging\commons-logging\1.2\commons-logging-1.2.jar;C:\Users\Mobile Programming.DESKTOP-SKPCD11\.m2\repository\org\apache\httpcomponents\httpmime\4.5.13\httpmime-4.5.13.jar;C:\Users\Mobile Programming.DESKTOP-SKPCD11\.m2\repository\org\hamcrest\hamcrest\2.2\hamcrest-2.2.jar;C:\Users\Mobile Programming.DESKTOP-SKPCD11\.m2\repository\org\ccil\cowan\tagsoup\tagsoup\1.2.1\tagsoup-1.2.1.jar;C:\Users\Mobile Programming.DESKTOP-SKPCD11\.m2\repository\io\rest-assured\json-path\5.3.1\json-path-5.3.1.jar;C:\Users\Mobile Programming.DESKTOP-SKPCD11\.m2\repository\org\apache\groovy\groovy-json\4.0.11\groovy-json-4.0.11.jar;C:\Users\Mobile Programming.DESKTOP-SKPCD11\.m2\repository\io\rest-assured\rest-assured-common\5.3.1\rest-assured-common-5.3.1.jar;C:\Users\Mobile Programming.DESKTOP-SKPCD11\.m2\repository\io\rest-assured\xml-path\5.3.1\xml-path-5.3.1.jar;C:\Users\Mobile Programming.DESKTOP-SKPCD11\.m2\repository\org\json\json\20230618\json-20230618.jar;C:\Users\Mobile Programming.DESKTOP-SKPCD11\.m2\repository\org\testng\testng\7.8.0\testng-7.8.0.jar;C:\Users\Mobile Programming.DESKTOP-SKPCD11\.m2\repository\org\slf4j\slf4j-api\1.7.36\slf4j-api-1.7.36.jar;C:\Users\Mobile Programming.DESKTOP-SKPCD11\.m2\repository\com\beust\jcommander\1.82\jcommander-1.82.jar;C:\Users\Mobile Programming.DESKTOP-SKPCD11\.m2\repository\org\webjars\jquery\3.6.1\jquery-3.6.1.jar;C:\Users\Mobile Programming.DESKTOP-SKPCD11\.m2\repository\com\github\scribejava\scribejava-apis\8.3.1\scribejava-apis-8.3.1.jar;C:\Users\Mobile Programming.DESKTOP-SKPCD11\.m2\repository\com\github\scribejava\scribejava-core\8.3.1\scribejava-core-8.3.1.jar;C:\Users\Mobile Programming.DESKTOP-SKPCD11\.m2\repository\com\github\scribejava\scribejava-java8\8.3.1\scribejava-java8-8.3.1.jar;C:\Users\Mobile Programming.DESKTOP-SKPCD11\.m2\repository\com\fasterxml\jackson\core\jackson-databind\2.12.3\jackson-databind-2.12.3.jar;C:\Users\Mobile Programming.DESKTOP-SKPCD11\.m2\repository\com\fasterxml\jackson\core\jackson-annotations\2.12.3\jackson-annotations-2.12.3.jar;C:\Users\Mobile Programming.DESKTOP-SKPCD11\.m2\repository\com\fasterxml\jackson\core\jackson-core\2.12.3\jackson-core-2.12.3.jar;C:\Users\Mobile Programming.DESKTOP-SKPCD11\.m2\repository\com\networknt\json-schema-validator\1.0.86\json-schema-validator-1.0.86.jar;C:\Users\Mobile Programming.DESKTOP-SKPCD11\.m2\repository\com\ethlo\time\itu\1.7.0\itu-1.7.0.jar;C:\Users\Mobile Programming.DESKTOP-SKPCD11\.m2\repository\com\fasterxml\jackson\dataformat\jackson-dataformat-yaml\2.15.2\jackson-dataformat-yaml-2.15.2.jar;C:\Users\Mobile Programming.DESKTOP-SKPCD11\.m2\repository\org\yaml\snakeyaml\2.0\snakeyaml-2.0.jar;C:\Users\Mobile Programming.DESKTOP-SKPCD11\.m2\repository\com\github\javafaker\javafaker\1.0.2\javafaker-1.0.2.jar;C:\Users\Mobile Programming.DESKTOP-SKPCD11\.m2\repository\org\apache\commons\commons-lang3\3.5\commons-lang3-3.5.jar;C:\Users\Mobile Programming.DESKTOP-SKPCD11\.m2\repository\org\yaml\snakeyaml\1.23\snakeyaml-1.23-android.jar;C:\Users\Mobile Programming.DESKTOP-SKPCD11\.m2\repository\com\github\mifmif\generex\1.0.2\generex-1.0.2.jar;C:\Users\Mobile Programming.DESKTOP-SKPCD11\.m2\repository\dk\brics\automaton\automaton\1.11-8\automaton-1.11-8.jar;C:\Users\Mobile Programming.DESKTOP-SKPCD11\.m2\repository\com\aventstack\extentreports\5.1.1\extentreports-5.1.1.jar;C:\Users\Mobile Programming.DESKTOP-SKPCD11\.m2\repository\io\reactivex\rxjava3\rxjava\3.1.6\rxjava-3.1.6.jar;C:\Users\Mobile Programming.DESKTOP-SKPCD11\.m2\repository\org\reactivestreams\reactive-streams\1.0.4\reactive-streams-1.0.4.jar;C:\Users\Mobile Programming.DESKTOP-SKPCD11\.m2\repository\org\freemarker\freemarker\2.3.32\freemarker-2.3.32.jar;C:\Users\Mobile Programming.DESKTOP-SKPCD11\.m2\repository\org\projectlombok\lombok\1.18.26\lombok-1.18.26.jar;C:\Users\Mobile Programming.DESKTOP-SKPCD11\.m2\repository\com\google\code\gson\gson\2.10.1\gson-2.10.1.jar;C:\Users\Mobile Programming.DESKTOP-SKPCD11\.m2\repository\org\apache\poi\poi\5.2.4\poi-5.2.4.jar;C:\Users\Mobile Programming.DESKTOP-SKPCD11\.m2\repository\commons-codec\commons-codec\1.16.0\commons-codec-1.16.0.jar;C:\Users\Mobile Programming.DESKTOP-SKPCD11\.m2\repository\org\apache\commons\commons-collections4\4.4\commons-collections4-4.4.jar;C:\Users\Mobile Programming.DESKTOP-SKPCD11\.m2\repository\org\apache\commons\commons-math3\3.6.1\commons-math3-3.6.1.jar;C:\Users\Mobile Programming.DESKTOP-SKPCD11\.m2\repository\commons-io\commons-io\2.13.0\commons-io-2.13.0.jar;C:\Users\Mobile Programming.DESKTOP-SKPCD11\.m2\repository\com\zaxxer\SparseBitSet\1.3\SparseBitSet-1.3.jar;C:\Users\Mobile Programming.DESKTOP-SKPCD11\.m2\repository\org\apache\poi\poi-ooxml\5.2.4\poi-ooxml-5.2.4.jar;C:\Users\Mobile Programming.DESKTOP-SKPCD11\.m2\repository\org\apache\poi\poi-ooxml-lite\5.2.4\poi-ooxml-lite-5.2.4.jar;C:\Users\Mobile Programming.DESKTOP-SKPCD11\.m2\repository\org\apache\xmlbeans\xmlbeans\5.1.1\xmlbeans-5.1.1.jar;C:\Users\Mobile Programming.DESKTOP-SKPCD11\.m2\repository\org\apache\commons\commons-compress\1.24.0\commons-compress-1.24.0.jar;C:\Users\Mobile Programming.DESKTOP-SKPCD11\.m2\repository\com\github\virtuald\curvesapi\1.08\curvesapi-1.08.jar;C:\Users\Mobile Programming.DESKTOP-SKPCD11\.m2\repository\org\apache\logging\log4j\log4j-core\2.20.0\log4j-core-2.20.0.jar;C:\Users\Mobile Programming.DESKTOP-SKPCD11\.m2\repository\org\apache\logging\log4j\log4j-api\2.20.0\log4j-api-2.20.0.jar;"/>
    <property name="java.vm.vendor" value="Oracle Corporation"/>
    <property name="sun.arch.data.model" value="64"/>
    <property name="user.variant" value=""/>
    <property name="java.vendor.url" value="https://java.oracle.com/"/>
    <property name="user.timezone" value="Asia/Calcutta"/>
    <property name="os.name" value="Windows 10"/>
    <property name="java.vm.specification.version" value="17"/>
    <property name="sun.java.launcher" value="SUN_STANDARD"/>
    <property name="user.country" value="IN"/>
    <property name="sun.boot.library.path" value="C:\Program Files\Java\jdk-17\bin"/>
    <property name="sun.java.command" value="C:\Users\Mobile Programming.DESKTOP-SKPCD11\AppData\Local\Temp\surefire16924121459279905574\surefirebooter-20231001131652052_3.jar C:\Users\Mobile Programming.DESKTOP-SKPCD11\AppData\Local\Temp\surefire16924121459279905574 2023-10-01T13-16-51_943-jvmRun1 surefire-20231001131652052_1tmp surefire_0-20231001131652052_2tmp"/>
    <property name="jdk.debug" value="release"/>
    <property name="surefire.test.class.path" value="C:\eclipse-worksppace\PetStoreAutomation\target\test-classes;C:\eclipse-worksppace\PetStoreAutomation\target\classes;C:\Users\Mobile Programming.DESKTOP-SKPCD11\.m2\repository\io\rest-assured\rest-assured\5.3.1\rest-assured-5.3.1.jar;C:\Users\Mobile Programming.DESKTOP-SKPCD11\.m2\repository\org\apache\groovy\groovy\4.0.11\groovy-4.0.11.jar;C:\Users\Mobile Programming.DESKTOP-SKPCD11\.m2\repository\org\apache\groovy\groovy-xml\4.0.11\groovy-xml-4.0.11.jar;C:\Users\Mobile Programming.DESKTOP-SKPCD11\.m2\repository\org\apache\httpcomponents\httpclient\4.5.13\httpclient-4.5.13.jar;C:\Users\Mobile Programming.DESKTOP-SKPCD11\.m2\repository\org\apache\httpcomponents\httpcore\4.4.13\httpcore-4.4.13.jar;C:\Users\Mobile Programming.DESKTOP-SKPCD11\.m2\repository\commons-logging\commons-logging\1.2\commons-logging-1.2.jar;C:\Users\Mobile Programming.DESKTOP-SKPCD11\.m2\repository\org\apache\httpcomponents\httpmime\4.5.13\httpmime-4.5.13.jar;C:\Users\Mobile Programming.DESKTOP-SKPCD11\.m2\repository\org\hamcrest\hamcrest\2.2\hamcrest-2.2.jar;C:\Users\Mobile Programming.DESKTOP-SKPCD11\.m2\repository\org\ccil\cowan\tagsoup\tagsoup\1.2.1\tagsoup-1.2.1.jar;C:\Users\Mobile Programming.DESKTOP-SKPCD11\.m2\repository\io\rest-assured\json-path\5.3.1\json-path-5.3.1.jar;C:\Users\Mobile Programming.DESKTOP-SKPCD11\.m2\repository\org\apache\groovy\groovy-json\4.0.11\groovy-json-4.0.11.jar;C:\Users\Mobile Programming.DESKTOP-SKPCD11\.m2\repository\io\rest-assured\rest-assured-common\5.3.1\rest-assured-common-5.3.1.jar;C:\Users\Mobile Programming.DESKTOP-SKPCD11\.m2\repository\io\rest-assured\xml-path\5.3.1\xml-path-5.3.1.jar;C:\Users\Mobile Programming.DESKTOP-SKPCD11\.m2\repository\org\json\json\20230618\json-20230618.jar;C:\Users\Mobile Programming.DESKTOP-SKPCD11\.m2\repository\org\testng\testng\7.8.0\testng-7.8.0.jar;C:\Users\Mobile Programming.DESKTOP-SKPCD11\.m2\repository\org\slf4j\slf4j-api\1.7.36\slf4j-api-1.7.36.jar;C:\Users\Mobile Programming.DESKTOP-SKPCD11\.m2\repository\com\beust\jcommander\1.82\jcommander-1.82.jar;C:\Users\Mobile Programming.DESKTOP-SKPCD11\.m2\repository\org\webjars\jquery\3.6.1\jquery-3.6.1.jar;C:\Users\Mobile Programming.DESKTOP-SKPCD11\.m2\repository\com\github\scribejava\scribejava-apis\8.3.1\scribejava-apis-8.3.1.jar;C:\Users\Mobile Programming.DESKTOP-SKPCD11\.m2\repository\com\github\scribejava\scribejava-core\8.3.1\scribejava-core-8.3.1.jar;C:\Users\Mobile Programming.DESKTOP-SKPCD11\.m2\repository\com\github\scribejava\scribejava-java8\8.3.1\scribejava-java8-8.3.1.jar;C:\Users\Mobile Programming.DESKTOP-SKPCD11\.m2\repository\com\fasterxml\jackson\core\jackson-databind\2.12.3\jackson-databind-2.12.3.jar;C:\Users\Mobile Programming.DESKTOP-SKPCD11\.m2\repository\com\fasterxml\jackson\core\jackson-annotations\2.12.3\jackson-annotations-2.12.3.jar;C:\Users\Mobile Programming.DESKTOP-SKPCD11\.m2\repository\com\fasterxml\jackson\core\jackson-core\2.12.3\jackson-core-2.12.3.jar;C:\Users\Mobile Programming.DESKTOP-SKPCD11\.m2\repository\com\networknt\json-schema-validator\1.0.86\json-schema-validator-1.0.86.jar;C:\Users\Mobile Programming.DESKTOP-SKPCD11\.m2\repository\com\ethlo\time\itu\1.7.0\itu-1.7.0.jar;C:\Users\Mobile Programming.DESKTOP-SKPCD11\.m2\repository\com\fasterxml\jackson\dataformat\jackson-dataformat-yaml\2.15.2\jackson-dataformat-yaml-2.15.2.jar;C:\Users\Mobile Programming.DESKTOP-SKPCD11\.m2\repository\org\yaml\snakeyaml\2.0\snakeyaml-2.0.jar;C:\Users\Mobile Programming.DESKTOP-SKPCD11\.m2\repository\com\github\javafaker\javafaker\1.0.2\javafaker-1.0.2.jar;C:\Users\Mobile Programming.DESKTOP-SKPCD11\.m2\repository\org\apache\commons\commons-lang3\3.5\commons-lang3-3.5.jar;C:\Users\Mobile Programming.DESKTOP-SKPCD11\.m2\repository\org\yaml\snakeyaml\1.23\snakeyaml-1.23-android.jar;C:\Users\Mobile Programming.DESKTOP-SKPCD11\.m2\repository\com\github\mifmif\generex\1.0.2\generex-1.0.2.jar;C:\Users\Mobile Programming.DESKTOP-SKPCD11\.m2\repository\dk\brics\automaton\automaton\1.11-8\automaton-1.11-8.jar;C:\Users\Mobile Programming.DESKTOP-SKPCD11\.m2\repository\com\aventstack\extentreports\5.1.1\extentreports-5.1.1.jar;C:\Users\Mobile Programming.DESKTOP-SKPCD11\.m2\repository\io\reactivex\rxjava3\rxjava\3.1.6\rxjava-3.1.6.jar;C:\Users\Mobile Programming.DESKTOP-SKPCD11\.m2\repository\org\reactivestreams\reactive-streams\1.0.4\reactive-streams-1.0.4.jar;C:\Users\Mobile Programming.DESKTOP-SKPCD11\.m2\repository\org\freemarker\freemarker\2.3.32\freemarker-2.3.32.jar;C:\Users\Mobile Programming.DESKTOP-SKPCD11\.m2\repository\org\projectlombok\lombok\1.18.26\lombok-1.18.26.jar;C:\Users\Mobile Programming.DESKTOP-SKPCD11\.m2\repository\com\google\code\gson\gson\2.10.1\gson-2.10.1.jar;C:\Users\Mobile Programming.DESKTOP-SKPCD11\.m2\repository\org\apache\poi\poi\5.2.4\poi-5.2.4.jar;C:\Users\Mobile Programming.DESKTOP-SKPCD11\.m2\repository\commons-codec\commons-codec\1.16.0\commons-codec-1.16.0.jar;C:\Users\Mobile Programming.DESKTOP-SKPCD11\.m2\repository\org\apache\commons\commons-collections4\4.4\commons-collections4-4.4.jar;C:\Users\Mobile Programming.DESKTOP-SKPCD11\.m2\repository\org\apache\commons\commons-math3\3.6.1\commons-math3-3.6.1.jar;C:\Users\Mobile Programming.DESKTOP-SKPCD11\.m2\repository\commons-io\commons-io\2.13.0\commons-io-2.13.0.jar;C:\Users\Mobile Programming.DESKTOP-SKPCD11\.m2\repository\com\zaxxer\SparseBitSet\1.3\SparseBitSet-1.3.jar;C:\Users\Mobile Programming.DESKTOP-SKPCD11\.m2\repository\org\apache\poi\poi-ooxml\5.2.4\poi-ooxml-5.2.4.jar;C:\Users\Mobile Programming.DESKTOP-SKPCD11\.m2\repository\org\apache\poi\poi-ooxml-lite\5.2.4\poi-ooxml-lite-5.2.4.jar;C:\Users\Mobile Programming.DESKTOP-SKPCD11\.m2\repository\org\apache\xmlbeans\xmlbeans\5.1.1\xmlbeans-5.1.1.jar;C:\Users\Mobile Programming.DESKTOP-SKPCD11\.m2\repository\org\apache\commons\commons-compress\1.24.0\commons-compress-1.24.0.jar;C:\Users\Mobile Programming.DESKTOP-SKPCD11\.m2\repository\com\github\virtuald\curvesapi\1.08\curvesapi-1.08.jar;C:\Users\Mobile Programming.DESKTOP-SKPCD11\.m2\repository\org\apache\logging\log4j\log4j-core\2.20.0\log4j-core-2.20.0.jar;C:\Users\Mobile Programming.DESKTOP-SKPCD11\.m2\repository\org\apache\logging\log4j\log4j-api\2.20.0\log4j-api-2.20.0.jar;"/>
    <property name="sun.cpu.endian" value="little"/>
    <property name="user.home" value="C:\Users\Mobile Programming.DESKTOP-SKPCD11"/>
    <property name="user.language" value="en"/>
    <property name="java.specification.vendor" value="Oracle Corporation"/>
    <property name="java.version.date" value="2023-01-17"/>
    <property name="java.home" value="C:\Program Files\Java\jdk-17"/>
    <property name="file.separator" value="\"/>
    <property name="basedir" value="C:\eclipse-worksppace\PetStoreAutomation"/>
    <property name="java.vm.compressedOopsMode" value="Zero based"/>
    <property name="line.separator" value="&#10;"/>
    <property name="java.vm.specification.vendor" value="Oracle Corporation"/>
    <property name="java.specification.name" value="Java Platform API Specification"/>
    <property name="surefire.real.class.path" value="C:\Users\Mobile Programming.DESKTOP-SKPCD11\AppData\Local\Temp\surefire16924121459279905574\surefirebooter-20231001131652052_3.jar"/>
    <property name="user.script" value=""/>
    <property name="sun.management.compiler" value="HotSpot 64-Bit Tiered Compilers"/>
    <property name="java.runtime.version" value="17.0.6+9-LTS-190"/>
    <property name="user.name" value="Mobile Programming"/>
    <property name="path.separator" value=";"/>
    <property name="os.version" value="10.0"/>
    <property name="java.runtime.name" value="Java(TM) SE Runtime Environment"/>
    <property name="file.encoding" value="Cp1252"/>
    <property name="java.vm.name" value="Java HotSpot(TM) 64-Bit Server VM"/>
    <property name="localRepository" value="C:\Users\Mobile Programming.DESKTOP-SKPCD11\.m2\repository"/>
    <property name="java.vendor.url.bug" value="https://bugreport.java.com/bugreport/"/>
    <property name="java.io.tmpdir" value="C:\Users\MOBILE~1.DES\AppData\Local\Temp\"/>
    <property name="java.version" value="17.0.6"/>
    <property name="user.dir" value="C:\eclipse-worksppace\PetStoreAutomation"/>
    <property name="os.arch" value="amd64"/>
    <property name="java.vm.specification.name" value="Java Virtual Machine Specification"/>
    <property name="sun.os.patch.level" value=""/>
    <property name="native.encoding" value="Cp1252"/>
    <property name="java.library.path" value="C:\Program Files\Java\jdk-17\bin;C:\Windows\Sun\Java\bin;C:\Windows\system32;C:\Windows;C:\Program Files\Common Files\Oracle\Java\javapath;C:\Windows\system32;C:\Windows;C:\Windows\System32\Wbem;C:\Windows\System32\WindowsPowerShell\v1.0\;C:\Windows\System32\OpenSSH\;C:\Program Files\Git\cmd;C:\Program Files\Git\bin;C:\Program Files\Java\jdk-17\bin;C:\Maven\apache-maven-3.9.1\bin;C:\Maven\apache-maven-3.9.1\bin;C:\Program Files\PuTTY\;C:\apache-maven-3.9.4\bin;C:\Users\Mobile Programming.DESKTOP-SKPCD11\AppData\Local\Microsoft\WindowsApps;C:\Users\Mobile Programming.DESKTOP-SKPCD11\AppData\Local\GitHubDesktop\bin;."/>
    <property name="java.vm.info" value="mixed mode, sharing"/>
    <property name="java.vendor" value="Oracle Corporation"/>
    <property name="java.vm.version" value="17.0.6+9-LTS-190"/>
    <property name="sun.io.unicode.encoding" value="UnicodeLittle"/>
    <property name="java.class.version" value="61.0"/>
  </properties>
  <testcase name="TestpostUser" classname="api.test.UserTests" time="4.696">
    <system-out><![CDATA[ERROR StatusConsoleListener Unrecognized format specifier []
ERROR StatusConsoleListener Empty conversion specifier starting at position 20 in conversion pattern.
ERROR StatusConsoleListener Unrecognized format specifier [evel]
ERROR StatusConsoleListener Unrecognized conversion specifier [evel] starting at position 30 in conversion pattern.
HTTP/1.1 200 OK
Date: Sun, 01 Oct 2023 07:46:58 GMT
Content-Type: application/json
Transfer-Encoding: chunked
Connection: keep-alive
Access-Control-Allow-Origin: *
Access-Control-Allow-Methods: GET, POST, DELETE, PUT
Access-Control-Allow-Headers: Content-Type, api_key, Authorization
Server: Jetty(9.2.9.v20150224)

{
    "code": 200,
    "type": "unknown",
    "message": "758348212"
}
]]></system-out>
    <system-err><![CDATA[SLF4J: Failed to load class "org.slf4j.impl.StaticLoggerBinder".
SLF4J: Defaulting to no-operation (NOP) logger implementation
SLF4J: See http://www.slf4j.org/codes.html#StaticLoggerBinder for further details.
]]></system-err>
  </testcase>
  <testcase name="TestgetUser" classname="api.test.UserTests" time="1.871">
    <system-out><![CDATA[HTTP/1.1 200 OK
Date: Sun, 01 Oct 2023 07:47:00 GMT
Content-Type: application/json
Transfer-Encoding: chunked
Connection: keep-alive
Access-Control-Allow-Origin: *
Access-Control-Allow-Methods: GET, POST, DELETE, PUT
Access-Control-Allow-Headers: Content-Type, api_key, Authorization
Server: Jetty(9.2.9.v20150224)

{
    "id": 758348212,
    "username": "herschel.nolan",
    "firstName": "Ariel",
    "lastName": "Vandervort",
    "email": "willard.okeefe@example.com",
    "password": "rnw1gcsz1",
    "phone": "939.010.3217",
    "userStatus": 758348212
}
]]></system-out>
  </testcase>
  <testcase name="TestupdateUser" classname="api.test.UserTests" time="4.606">
    <system-out><![CDATA[HTTP/1.1 200 OK
Date: Sun, 01 Oct 2023 07:47:03 GMT
Content-Type: application/json
Transfer-Encoding: chunked
Connection: keep-alive
Access-Control-Allow-Origin: *
Access-Control-Allow-Methods: GET, POST, DELETE, PUT
Access-Control-Allow-Headers: Content-Type, api_key, Authorization
Server: Jetty(9.2.9.v20150224)

{
    "code": 200,
    "type": "unknown",
    "message": "758348212"
}
HTTP/1.1 200 OK
Date: Sun, 01 Oct 2023 07:47:05 GMT
Content-Type: application/json
Transfer-Encoding: chunked
Connection: keep-alive
Access-Control-Allow-Origin: *
Access-Control-Allow-Methods: GET, POST, DELETE, PUT
Access-Control-Allow-Headers: Content-Type, api_key, Authorization
Server: Jetty(9.2.9.v20150224)

{
    "id": 758348212,
    "username": "herschel.nolan",
    "firstName": "Margaretta",
    "lastName": "Denesik",
    "email": "sherley.batz@example.com",
    "password": "rnw1gcsz1",
    "phone": "939.010.3217",
    "userStatus": 758348212
}
]]></system-out>
  </testcase>
  <testcase name="TestdeleteUser" classname="api.test.UserTests" time="2.001">
    <system-out><![CDATA[HTTP/1.1 200 OK
Date: Sun, 01 Oct 2023 07:47:07 GMT
Content-Type: application/json
Transfer-Encoding: chunked
Connection: keep-alive
Access-Control-Allow-Origin: *
Access-Control-Allow-Methods: GET, POST, DELETE, PUT
Access-Control-Allow-Headers: Content-Type, api_key, Authorization
Server: Jetty(9.2.9.v20150224)

{
    "code": 200,
    "type": "unknown",
    "message": "herschel.nolan"
}
]]></system-out>
  </testcase>
</testsuite>