<?xml version="1.0" encoding="UTF-8"?>
<!-- Generated by org.testng.reporters.JUnitReportReporter -->
<testsuite hostname="DESKTOP-SKPCD11" failures="0" tests="10" name="api.test.DDtest" time="22.264" errors="0" timestamp="2023-09-30T22:05:13 IST" skipped="0">
  <testcase classname="api.test.DDtest" name="Testpostuser" time="4.637"/>
  <system-out/>
  <testcase classname="api.test.DDtest" name="Testpostuser" time="1.739"/>
  <system-out/>
  <testcase classname="api.test.DDtest" name="Testpostuser" time="2.031"/>
  <system-out/>
  <testcase classname="api.test.DDtest" name="Testpostuser" time="1.948"/>
  <system-out/>
  <testcase classname="api.test.DDtest" name="Testpostuser" time="1.940"/>
  <system-out/>
  <testcase classname="api.test.DDtest" name="testDeleteUserByName" time="1.798"/>
  <system-out/>
  <testcase classname="api.test.DDtest" name="testDeleteUserByName" time="2.517"/>
  <system-out/>
  <testcase classname="api.test.DDtest" name="testDeleteUserByName" time="1.799"/>
  <system-out/>
  <testcase classname="api.test.DDtest" name="testDeleteUserByName" time="1.982"/>
  <system-out/>
  <testcase classname="api.test.DDtest" name="testDeleteUserByName" time="1.873"/>
  <system-out/>
</testsuite> <!-- api.test.DDtest -->
