<?xml version="1.0" encoding="UTF-8"?>
<!-- Generated by org.testng.reporters.JUnitReportReporter -->
<testsuite hostname="DESKTOP-SKPCD11" failures="0" tests="4" name="api.test.UserTests" time="11.994" errors="0" timestamp="2023-10-01T12:22:59 IST" skipped="0">
  <testcase classname="api.test.UserTests" name="TestpostUser" time="3.684"/>
  <system-out/>
  <testcase classname="api.test.UserTests" name="TestgetUser" time="2.083"/>
  <system-out/>
  <testcase classname="api.test.UserTests" name="TestupdateUser" time="3.641"/>
  <system-out/>
  <testcase classname="api.test.UserTests" name="TestdeleteUser" time="2.586"/>
  <system-out/>
</testsuite> <!-- api.test.UserTests -->
