<?xml version="1.0" encoding="UTF-8"?>
<!-- Generated by org.testng.reporters.JUnitReportReporter -->
<testsuite hostname="DESKTOP-SKPCD11" failures="0" tests="4" name="api.test.UserTests2" time="19.143" errors="0" timestamp="2023-10-01T12:43:51 IST" skipped="0">
  <testcase classname="api.test.UserTests2" name="TestpostUser" time="6.856"/>
  <system-out/>
  <testcase classname="api.test.UserTests2" name="TestgetUser" time="4.690"/>
  <system-out/>
  <testcase classname="api.test.UserTests2" name="TestupdateUser" time="5.541"/>
  <system-out/>
  <testcase classname="api.test.UserTests2" name="TestdeleteUser" time="2.056"/>
  <system-out/>
</testsuite> <!-- api.test.UserTests2 -->
