<?xml version="1.0" encoding="UTF-8"?>
<!-- Generated by org.testng.reporters.JUnitReportReporter -->
<testsuite hostname="DESKTOP-SKPCD11" failures="0" tests="4" name="api.test.UserTests2" time="21.139" errors="0" timestamp="2023-10-01T15:07:38 IST" skipped="0">
  <testcase classname="api.test.UserTests2" name="TestpostUser" time="6.441"/>
  <testcase classname="api.test.UserTests2" name="TestgetUser" time="3.510"/>
  <testcase classname="api.test.UserTests2" name="TestupdateUser" time="6.319"/>
  <testcase classname="api.test.UserTests2" name="TestdeleteUser" time="4.869"/>
</testsuite> <!-- api.test.UserTests2 -->
